<?xml version="1.0" encoding="UTF-8"?>
<!-- Generated by org.testng.reporters.JUnitXMLReporter -->
<testsuite hostname="SabaSiva" failures="1" tests="5" name="Test1" time="0.106" errors="0" timestamp="5 Feb 2025 02:55:46 GMT">
  <testcase classname="junitorgexample.Sample" name="tc01" time="0.016"/>
  <testcase classname="junitorgexample.Sample" name="tc04" time="0.052">
    <failure type="java.lang.AssertionError" message="expected [true] but found [false]">
      <![CDATA[java.lang.AssertionError: expected [true] but found [false]
	at junitorgexample.Sample.tc04(Sample.java:26)
... Removed 26 stack frames]]>
    </failure>
  </testcase> <!-- tc04 -->
  <testcase classname="junitorgexample.Sample" name="tc03" time="0.0">
    <skipped/>
  </testcase> <!-- tc03 -->
  <testcase classname="junitorgexample.Sample" name="tc06" time="0.0">
    <skipped/>
  </testcase> <!-- tc06 -->
  <testcase classname="junitorgexample.Sample" name="tc07" time="0.0">
    <skipped/>
  </testcase> <!-- tc07 -->
</testsuite> <!-- Test1 -->
